Arguments: 
  C:\Program Files\nodejs\node.exe C:\Users\a-a-c\AppData\Roaming\npm\node_modules\yarn\bin\yarn.js add moment

PATH: 
  C:\Python39\Scripts\;C:\Python39\;C:\WINDOWS\system32;C:\WINDOWS;C:\WINDOWS\System32\Wbem;C:\WINDOWS\System32\WindowsPowerShell\v1.0\;C:\WINDOWS\System32\OpenSSH\;C:\Program Files\nodejs\;C:\Program Files\Git\cmd;C:\ProgramData\chocolatey\bin;;C:\ProgramData\ComposerSetup\bin;C:\Program Files\Docker\Docker\resources\bin;C:\ProgramData\DockerDesktop\version-bin;C:\Users\a-a-c\AppData\Local\Microsoft\WindowsApps;C:\Users\a-a-c\AppData\Roaming\npm;C:\Program Files\PHP7;C:\Users\a-a-c\AppData\Roaming\Composer\vendor\bin;C:\Users\a-a-c\AppData\Local\Programs\Hyper\resources\bin;C:\Program Files\PostgreSQL\13\bin;C:\Users\a-a-c\AppData\Local\Programs\Microsoft VS Code\bin;

Yarn version: 
  1.22.11

Node version: 
  14.17.4

Platform: 
  win32 x64

Trace: 
  Error: EPERM: operation not permitted, unlink 'C:\WorkSpace\IPAM\IPAM_Work\ipma-work\front-end\node_modules\node-sass\vendor\win32-x64-83\binding.node'

npm manifest: 
  {
    "name": "ipam-work",
    "description": "Volt React Dashboard is a free and open source admin dashboard template powered by React.js and Bootstrap 5",
    "author": "Themesberg",
    "keywords": [
      "bootstrap 5",
      "react",
      "react dashboard",
      "react admin template",
      "free react",
      "react ui library",
      "react bootstrap 5",
      "bootstrap 5 dashboard",
      "themesberg"
    ],
    "license": "MIT",
    "version": "1.0.0",
    "dependencies": {
      "@fortawesome/fontawesome-free": "^5.15.1",
      "@fortawesome/fontawesome-svg-core": "^1.2.30",
      "@fortawesome/free-brands-svg-icons": "^5.14.0",
      "@fortawesome/free-regular-svg-icons": "^5.14.0",
      "@fortawesome/free-solid-svg-icons": "^5.14.0",
      "@fortawesome/react-fontawesome": "^0.1.11",
      "@testing-library/jest-dom": "^4.2.4",
      "@testing-library/react": "^9.3.2",
      "@testing-library/user-event": "^7.1.2",
      "@themesberg/react-bootstrap": "^1.4.1",
      "axios": "^0.24.0",
      "bootstrap": "5.0.0-beta1",
      "chartist": "^0.11.4",
      "chartist-plugin-tooltips-updated": "^0.1.4",
      "js-cookie": "^3.0.1",
      "moment-timezone": "^0.5.31",
      "node-sass": "^4.14.1",
      "react": "^16.13.1",
      "react-chartist": "^0.14.3",
      "react-copy-to-clipboard": "^5.0.3",
      "react-datetime": "^3.0.4",
      "react-dom": "^16.13.1",
      "react-github-btn": "^1.2.0",
      "react-live": "^2.2.3",
      "react-redux": "^7.2.6",
      "react-router-dom": "^5.2.0",
      "react-router-hash-link": "^2.3.1",
      "react-scripts": "3.4.3",
      "react-transition-group": "^4.4.1",
      "simplebar-react": "^2.3.0"
    },
    "scripts": {
      "start": "react-scripts start",
      "build": "react-scripts build",
      "build-local": "PUBLIC_URL=./ react-scripts build",
      "test": "react-scripts test",
      "eject": "react-scripts eject",
      "predeploy": "npm run build",
      "deploy": "gh-pages -d build"
    },
    "eslintConfig": {
      "extends": "react-app"
    },
    "browserslist": {
      "production": [
        ">0.2%",
        "not dead",
        "not op_mini all"
      ],
      "development": [
        "last 1 chrome version",
        "last 1 firefox version",
        "last 1 safari version"
      ]
    },
    "devDependencies": {
      "gh-pages": "^3.2.3",
      "redux-devtools-extension": "^2.13.9",
      "redux-logger": "^3.0.6",
      "redux-thunk": "^2.4.1"
    }
  }

yarn manifest: 
  No manifest

Lockfile: 
  No lockfile
